<?xml version="1.0" encoding="UTF-8"?>
<testsuite xmlns:xsi="http://www.w3.org/2001/XMLSchema-instance" xsi:noNamespaceSchemaLocation="https://maven.apache.org/surefire/maven-surefire-plugin/xsd/surefire-test-report.xsd" version="3.0.2" name="com.taskmanager.service.TaskServiceTest" time="0.017" tests="8" errors="0" skipped="0" failures="0">
  <properties>
[...]
</properties>
  <testcase name="testAddTask_Success" classname="com.taskmanager.service.TaskServiceTest" time="0.003"/>
  <testcase name="testAddTask_EmptyTitle_ThrowsException" classname="com.taskmanager.service.TaskServiceTest" time="0.001"/>
  <testcase name="testDeleteCategory_CascadesToTasks" classname="com.taskmanager.service.TaskServiceTest" time="0.001"/>
  <testcase name="testSearchAndFilterTasks" classname="com.taskmanager.service.TaskServiceTest" time="0.001"/>
  <testcase name="testDeleteTask" classname="com.taskmanager.service.TaskServiceTest" time="0.001"/>
  <testcase name="testGetStatistics" classname="com.taskmanager.service.TaskServiceTest" time="0.003"/>
  <testcase name="testAddTask_NullPriority_ThrowsException" classname="com.taskmanager.service.TaskServiceTest" time="0.001"/>
  <testcase name="testUpdateTask_Success" classname="com.taskmanager.service.TaskServiceTest" time="0.001"/>
</testsuite>