<?xml version="1.0" encoding="UTF-8"?>
<testsuite xmlns:xsi="http://www.w3.org/2001/XMLSchema-instance" xsi:noNamespaceSchemaLocation="https://maven.apache.org/surefire/maven-surefire-plugin/xsd/surefire-test-report.xsd" version="3.0.2" name="com.taskmanager.repository.JsonTaskRepositoryTest" time="0.185" tests="5" errors="0" skipped="0" failures="0">
  <properties>
[...]
</properties>
  <testcase name="testCorruptJsonFile_ReturnsEmptyList" classname="com.taskmanager.repository.JsonTaskRepositoryTest" time="0.14">
    <system-out><![CDATA[[INFO] Loading tasks from: /var/folders/r6/6l23r8451k1cnkb9jkk1kx600000gn/T/junit2779784441848511736/tasks_test.json
]]></system-out>
    <system-err><![CDATA[[ERROR] Failed to load tasks from /var/folders/r6/6l23r8451k1cnkb9jkk1kx600000gn/T/junit2779784441848511736/tasks_test.json: Cannot deserialize value of type `java.util.ArrayList<com.taskmanager.model.Task>` from Object value (token `JsonToken.START_OBJECT`)
 at [Source: REDACTED (`StreamReadFeature.INCLUDE_SOURCE_IN_LOCATION` disabled); line: 1, column: 1]
]]></system-err>
  </testcase>
  <testcase name="testSaveAndLoadCategories" classname="com.taskmanager.repository.JsonTaskRepositoryTest" time="0.01">
    <system-out><![CDATA[[INFO] Saving categories to: /var/folders/r6/6l23r8451k1cnkb9jkk1kx600000gn/T/junit9409799311288185033/categories_test.json
[INFO] Saved 1 categories successfully.
[INFO] Loading categories from: /var/folders/r6/6l23r8451k1cnkb9jkk1kx600000gn/T/junit9409799311288185033/categories_test.json
[INFO] Loaded 1 categories successfully.
]]></system-out>
  </testcase>
  <testcase name="testGetCategories_FileDoesNotExist_ReturnsDefaultCategories" classname="com.taskmanager.repository.JsonTaskRepositoryTest" time="0.003">
    <system-out><![CDATA[[INFO] Loading categories from: /var/folders/r6/6l23r8451k1cnkb9jkk1kx600000gn/T/junit6774008659623488839/categories_test.json
[INFO] Categories file is empty or missing. Loading default categories.
]]></system-out>
  </testcase>
  <testcase name="testGetTasks_FileDoesNotExist_ReturnsEmptyList" classname="com.taskmanager.repository.JsonTaskRepositoryTest" time="0.002">
    <system-out><![CDATA[[INFO] Loading tasks from: /var/folders/r6/6l23r8451k1cnkb9jkk1kx600000gn/T/junit3711381654053152499/tasks_test.json
[INFO] Tasks file is empty or missing. Loading 0 tasks.
]]></system-out>
  </testcase>
  <testcase name="testSaveAndLoadTasks" classname="com.taskmanager.repository.JsonTaskRepositoryTest" time="0.014">
    <system-out><![CDATA[[INFO] Saving tasks to: /var/folders/r6/6l23r8451k1cnkb9jkk1kx600000gn/T/junit5916440743097455591/tasks_test.json
[INFO] Saved 2 tasks successfully.
[INFO] Loading tasks from: /var/folders/r6/6l23r8451k1cnkb9jkk1kx600000gn/T/junit5916440743097455591/tasks_test.json
[INFO] Loaded 2 tasks successfully.
]]></system-out>
  </testcase>
</testsuite>